{"numTotalTestSuites":2,"numPassedTestSuites":0,"numFailedTestSuites":2,"numPendingTestSuites":0,"numTotalTests":8,"numPassedTests":2,"numFailedTests":6,"numPendingTests":0,"numTodoTests":0,"snapshot":{"added":0,"failure":false,"filesAdded":0,"filesRemoved":0,"filesRemovedList":[],"filesUnmatched":0,"filesUpdated":0,"matched":0,"total":0,"unchecked":0,"uncheckedKeysByFile":[],"unmatched":0,"updated":0,"didUpdate":false},"startTime":1775650310140,"success":false,"testResults":[{"assertionResults":[{"ancestorTitles":["client data routes"],"fullName":"client data routes creates, lists, reads, updates, and soft deletes a domain","status":"failed","title":"creates, lists, reads, updates, and soft deletes a domain","duration":901.0178000000005,"failureMessages":["TypeError: Cannot read properties of undefined (reading 'owner_type')\n    at K:\\AiChat\\TavernHeadless\\apps\\api\\src\\client-data\\__tests__\\client-data-routes.test.ts:97:29\n    at processTicksAndRejections (node:internal/process/task_queues:105:5)\n    at file:///K:/AiChat/TavernHeadless/node_modules/.pnpm/@vitest+runner@2.1.9/node_modules/@vitest/runner/dist/index.js:533:5\n    at runTest (file:///K:/AiChat/TavernHeadless/node_modules/.pnpm/@vitest+runner@2.1.9/node_modules/@vitest/runner/dist/index.js:1056:11)\n    at runSuite (file:///K:/AiChat/TavernHeadless/node_modules/.pnpm/@vitest+runner@2.1.9/node_modules/@vitest/runner/dist/index.js:1205:15)\n    at runSuite (file:///K:/AiChat/TavernHeadless/node_modules/.pnpm/@vitest+runner@2.1.9/node_modules/@vitest/runner/dist/index.js:1205:15)\n    at runFiles (file:///K:/AiChat/TavernHeadless/node_modules/.pnpm/@vitest+runner@2.1.9/node_modules/@vitest/runner/dist/index.js:1262:5)\n    at startTests (file:///K:/AiChat/TavernHeadless/node_modules/.pnpm/@vitest+runner@2.1.9/node_modules/@vitest/runner/dist/index.js:1271:3)\n    at file:///K:/AiChat/TavernHeadless/node_modules/.pnpm/vitest@2.1.9_@types+node@22.19.10/node_modules/vitest/dist/chunks/runBaseTests.3qpJUEJM.js:126:11\n    at withEnv (file:///K:/AiChat/TavernHeadless/node_modules/.pnpm/vitest@2.1.9_@types+node@22.19.10/node_modules/vitest/dist/chunks/runBaseTests.3qpJUEJM.js:90:5)"],"meta":{}},{"ancestorTitles":["client data routes"],"fullName":"client data routes soft deletes domains by owner","status":"passed","title":"soft deletes domains by owner","duration":481.10419999999976,"failureMessages":[],"meta":{}},{"ancestorTitles":["client data routes"],"fullName":"client data routes creates, updates, and deletes a collection","status":"failed","title":"creates, updates, and deletes a collection","duration":378.58899999999994,"failureMessages":["AssertionError: expected '{}' to contain 'data'\n    at createDomain (K:\\AiChat\\TavernHeadless\\apps\\api\\src\\client-data\\__tests__\\client-data-routes.test.ts:74:27)\n    at processTicksAndRejections (node:internal/process/task_queues:105:5)\n    at K:\\AiChat\\TavernHeadless\\apps\\api\\src\\client-data\\__tests__\\client-data-routes.test.ts:182:22\n    at file:///K:/AiChat/TavernHeadless/node_modules/.pnpm/@vitest+runner@2.1.9/node_modules/@vitest/runner/dist/index.js:533:5\n    at runTest (file:///K:/AiChat/TavernHeadless/node_modules/.pnpm/@vitest+runner@2.1.9/node_modules/@vitest/runner/dist/index.js:1056:11)\n    at runSuite (file:///K:/AiChat/TavernHeadless/node_modules/.pnpm/@vitest+runner@2.1.9/node_modules/@vitest/runner/dist/index.js:1205:15)\n    at runSuite (file:///K:/AiChat/TavernHeadless/node_modules/.pnpm/@vitest+runner@2.1.9/node_modules/@vitest/runner/dist/index.js:1205:15)\n    at runFiles (file:///K:/AiChat/TavernHeadless/node_modules/.pnpm/@vitest+runner@2.1.9/node_modules/@vitest/runner/dist/index.js:1262:5)\n    at startTests (file:///K:/AiChat/TavernHeadless/node_modules/.pnpm/@vitest+runner@2.1.9/node_modules/@vitest/runner/dist/index.js:1271:3)\n    at file:///K:/AiChat/TavernHeadless/node_modules/.pnpm/vitest@2.1.9_@types+node@22.19.10/node_modules/vitest/dist/chunks/runBaseTests.3qpJUEJM.js:126:11"],"meta":{}},{"ancestorTitles":["client data routes"],"fullName":"client data routes upserts a single item and derives TTL from collection default","status":"failed","title":"upserts a single item and derives TTL from collection default","duration":362.8870999999999,"failureMessages":["AssertionError: expected '{}' to contain 'data'\n    at createDomain (K:\\AiChat\\TavernHeadless\\apps\\api\\src\\client-data\\__tests__\\client-data-routes.test.ts:74:27)\n    at processTicksAndRejections (node:internal/process/task_queues:105:5)\n    at K:\\AiChat\\TavernHeadless\\apps\\api\\src\\client-data\\__tests__\\client-data-routes.test.ts:222:22\n    at file:///K:/AiChat/TavernHeadless/node_modules/.pnpm/@vitest+runner@2.1.9/node_modules/@vitest/runner/dist/index.js:533:5\n    at runTest (file:///K:/AiChat/TavernHeadless/node_modules/.pnpm/@vitest+runner@2.1.9/node_modules/@vitest/runner/dist/index.js:1056:11)\n    at runSuite (file:///K:/AiChat/TavernHeadless/node_modules/.pnpm/@vitest+runner@2.1.9/node_modules/@vitest/runner/dist/index.js:1205:15)\n    at runSuite (file:///K:/AiChat/TavernHeadless/node_modules/.pnpm/@vitest+runner@2.1.9/node_modules/@vitest/runner/dist/index.js:1205:15)\n    at runFiles (file:///K:/AiChat/TavernHeadless/node_modules/.pnpm/@vitest+runner@2.1.9/node_modules/@vitest/runner/dist/index.js:1262:5)\n    at startTests (file:///K:/AiChat/TavernHeadless/node_modules/.pnpm/@vitest+runner@2.1.9/node_modules/@vitest/runner/dist/index.js:1271:3)\n    at file:///K:/AiChat/TavernHeadless/node_modules/.pnpm/vitest@2.1.9_@types+node@22.19.10/node_modules/vitest/dist/chunks/runBaseTests.3qpJUEJM.js:126:11"],"meta":{}},{"ancestorTitles":["client data routes"],"fullName":"client data routes returns 409 on if_version conflict","status":"failed","title":"returns 409 on if_version conflict","duration":370.78380000000016,"failureMessages":["AssertionError: expected '{}' to contain 'data'\n    at createDomain (K:\\AiChat\\TavernHeadless\\apps\\api\\src\\client-data\\__tests__\\client-data-routes.test.ts:74:27)\n    at processTicksAndRejections (node:internal/process/task_queues:105:5)\n    at K:\\AiChat\\TavernHeadless\\apps\\api\\src\\client-data\\__tests__\\client-data-routes.test.ts:257:22\n    at file:///K:/AiChat/TavernHeadless/node_modules/.pnpm/@vitest+runner@2.1.9/node_modules/@vitest/runner/dist/index.js:533:5\n    at runTest (file:///K:/AiChat/TavernHeadless/node_modules/.pnpm/@vitest+runner@2.1.9/node_modules/@vitest/runner/dist/index.js:1056:11)\n    at runSuite (file:///K:/AiChat/TavernHeadless/node_modules/.pnpm/@vitest+runner@2.1.9/node_modules/@vitest/runner/dist/index.js:1205:15)\n    at runSuite (file:///K:/AiChat/TavernHeadless/node_modules/.pnpm/@vitest+runner@2.1.9/node_modules/@vitest/runner/dist/index.js:1205:15)\n    at runFiles (file:///K:/AiChat/TavernHeadless/node_modules/.pnpm/@vitest+runner@2.1.9/node_modules/@vitest/runner/dist/index.js:1262:5)\n    at startTests (file:///K:/AiChat/TavernHeadless/node_modules/.pnpm/@vitest+runner@2.1.9/node_modules/@vitest/runner/dist/index.js:1271:3)\n    at file:///K:/AiChat/TavernHeadless/node_modules/.pnpm/vitest@2.1.9_@types+node@22.19.10/node_modules/vitest/dist/chunks/runBaseTests.3qpJUEJM.js:126:11"],"meta":{}},{"ancestorTitles":["client data routes"],"fullName":"client data routes returns 409 for suspended domain writes and 410 for deleted domain reads","status":"failed","title":"returns 409 for suspended domain writes and 410 for deleted domain reads","duration":355.28880000000026,"failureMessages":["AssertionError: expected '{}' to contain 'data'\n    at createDomain (K:\\AiChat\\TavernHeadless\\apps\\api\\src\\client-data\\__tests__\\client-data-routes.test.ts:74:27)\n    at processTicksAndRejections (node:internal/process/task_queues:105:5)\n    at K:\\AiChat\\TavernHeadless\\apps\\api\\src\\client-data\\__tests__\\client-data-routes.test.ts:291:22\n    at file:///K:/AiChat/TavernHeadless/node_modules/.pnpm/@vitest+runner@2.1.9/node_modules/@vitest/runner/dist/index.js:533:5\n    at runTest (file:///K:/AiChat/TavernHeadless/node_modules/.pnpm/@vitest+runner@2.1.9/node_modules/@vitest/runner/dist/index.js:1056:11)\n    at runSuite (file:///K:/AiChat/TavernHeadless/node_modules/.pnpm/@vitest+runner@2.1.9/node_modules/@vitest/runner/dist/index.js:1205:15)\n    at runSuite (file:///K:/AiChat/TavernHeadless/node_modules/.pnpm/@vitest+runner@2.1.9/node_modules/@vitest/runner/dist/index.js:1205:15)\n    at runFiles (file:///K:/AiChat/TavernHeadless/node_modules/.pnpm/@vitest+runner@2.1.9/node_modules/@vitest/runner/dist/index.js:1262:5)\n    at startTests (file:///K:/AiChat/TavernHeadless/node_modules/.pnpm/@vitest+runner@2.1.9/node_modules/@vitest/runner/dist/index.js:1271:3)\n    at file:///K:/AiChat/TavernHeadless/node_modules/.pnpm/vitest@2.1.9_@types+node@22.19.10/node_modules/vitest/dist/chunks/runBaseTests.3qpJUEJM.js:126:11"],"meta":{}},{"ancestorTitles":["client data routes"],"fullName":"client data routes rejects domain creation when maxDomainsPerAccount is exceeded","status":"passed","title":"rejects domain creation when maxDomainsPerAccount is exceeded","duration":376.41439999999966,"failureMessages":[],"meta":{}},{"ancestorTitles":["client data routes"],"fullName":"client data routes rolls back batch upsert when one item exceeds size quota","status":"failed","title":"rolls back batch upsert when one item exceeds size quota","duration":369.0827999999992,"failureMessages":["AssertionError: expected '{}' to contain 'data'\n    at createDomain (K:\\AiChat\\TavernHeadless\\apps\\api\\src\\client-data\\__tests__\\client-data-routes.test.ts:74:27)\n    at processTicksAndRejections (node:internal/process/task_queues:105:5)\n    at K:\\AiChat\\TavernHeadless\\apps\\api\\src\\client-data\\__tests__\\client-data-routes.test.ts:359:22\n    at file:///K:/AiChat/TavernHeadless/node_modules/.pnpm/@vitest+runner@2.1.9/node_modules/@vitest/runner/dist/index.js:533:5\n    at runTest (file:///K:/AiChat/TavernHeadless/node_modules/.pnpm/@vitest+runner@2.1.9/node_modules/@vitest/runner/dist/index.js:1056:11)\n    at runSuite (file:///K:/AiChat/TavernHeadless/node_modules/.pnpm/@vitest+runner@2.1.9/node_modules/@vitest/runner/dist/index.js:1205:15)\n    at runSuite (file:///K:/AiChat/TavernHeadless/node_modules/.pnpm/@vitest+runner@2.1.9/node_modules/@vitest/runner/dist/index.js:1205:15)\n    at runFiles (file:///K:/AiChat/TavernHeadless/node_modules/.pnpm/@vitest+runner@2.1.9/node_modules/@vitest/runner/dist/index.js:1262:5)\n    at startTests (file:///K:/AiChat/TavernHeadless/node_modules/.pnpm/@vitest+runner@2.1.9/node_modules/@vitest/runner/dist/index.js:1271:3)\n    at file:///K:/AiChat/TavernHeadless/node_modules/.pnpm/vitest@2.1.9_@types+node@22.19.10/node_modules/vitest/dist/chunks/runBaseTests.3qpJUEJM.js:126:11"],"meta":{}}],"startTime":1775650314674,"endTime":1775650318269.0828,"status":"failed","message":"","name":"K:/AiChat/TavernHeadless/apps/api/src/client-data/__tests__/client-data-routes.test.ts"}]}